Fri Apr 20 14:58:17 IST 2018  [debug] AvalonLogSystem initialized using logfile 'velocity.log'
Fri Apr 20 14:58:17 IST 2018   [info] ************************************************************** 
Fri Apr 20 14:58:17 IST 2018   [info] Starting Jakarta Velocity v1.3.1-rc2
Fri Apr 20 14:58:17 IST 2018   [info] RuntimeInstance initializing.
Fri Apr 20 14:58:17 IST 2018   [info] Default Properties File: org\apache\velocity\runtime\defaults\velocity.properties
Fri Apr 20 14:58:17 IST 2018   [info] Trying to use logger class org.apache.velocity.runtime.log.AvalonLogSystem
Fri Apr 20 14:58:17 IST 2018   [info] Using logger class org.apache.velocity.runtime.log.AvalonLogSystem
Fri Apr 20 14:58:17 IST 2018   [info] Default ResourceManager initializing. (class org.apache.velocity.runtime.resource.ResourceManagerImpl)
Fri Apr 20 14:58:17 IST 2018   [info] Resource Loader Instantiated: org.apache.velocity.runtime.resource.loader.FileResourceLoader
Fri Apr 20 14:58:17 IST 2018   [info] FileResourceLoader : initialization starting.
Fri Apr 20 14:58:17 IST 2018   [info] FileResourceLoader : adding path 'C:\swdtools\modelj\templates_efos_avaloq'
Fri Apr 20 14:58:17 IST 2018   [info] FileResourceLoader : initialization complete.
Fri Apr 20 14:58:17 IST 2018   [info] ResourceCache : initialized. (class org.apache.velocity.runtime.resource.ResourceCacheImpl)
Fri Apr 20 14:58:17 IST 2018   [info] Default ResourceManager initialization complete.
Fri Apr 20 14:58:17 IST 2018   [info] Loaded System Directive: org.apache.velocity.runtime.directive.Literal
Fri Apr 20 14:58:17 IST 2018   [info] Loaded System Directive: org.apache.velocity.runtime.directive.Macro
Fri Apr 20 14:58:17 IST 2018   [info] Loaded System Directive: org.apache.velocity.runtime.directive.Parse
Fri Apr 20 14:58:17 IST 2018   [info] Loaded System Directive: org.apache.velocity.runtime.directive.Include
Fri Apr 20 14:58:17 IST 2018   [info] Loaded System Directive: org.apache.velocity.runtime.directive.Foreach
Fri Apr 20 14:58:17 IST 2018   [info] Created: 20 parsers.
Fri Apr 20 14:58:17 IST 2018   [info] Velocimacro : initialization starting.
Fri Apr 20 14:58:17 IST 2018   [info] Velocimacro : adding VMs from VM library template : VM_global_library.vm
Fri Apr 20 14:58:17 IST 2018  [error] ResourceManager : unable to find resource 'VM_global_library.vm' in any resource loader.
Fri Apr 20 14:58:17 IST 2018   [info] Velocimacro : error using  VM library template VM_global_library.vm : org.apache.velocity.exception.ResourceNotFoundException: Unable to find resource 'VM_global_library.vm'
Fri Apr 20 14:58:17 IST 2018   [info] Velocimacro :  VM library template macro registration complete.
Fri Apr 20 14:58:17 IST 2018   [info] Velocimacro : allowInline = true : VMs can be defined inline in templates
Fri Apr 20 14:58:17 IST 2018   [info] Velocimacro : allowInlineToOverride = false : VMs defined inline may NOT replace previous VM definitions
Fri Apr 20 14:58:17 IST 2018   [info] Velocimacro : allowInlineLocal = false : VMs defined inline will be  global in scope if allowed.
Fri Apr 20 14:58:17 IST 2018   [info] Velocimacro : messages on  : VM system will output logging messages
Fri Apr 20 14:58:17 IST 2018   [info] Velocimacro : autoload off  : VM system will not automatically reload global library macros
Fri Apr 20 14:58:17 IST 2018   [info] Velocimacro : initialization complete.
Fri Apr 20 14:58:17 IST 2018   [info] Velocity successfully started.
Fri Apr 20 14:58:17 IST 2018   [info] ResourceManager : found Control.vm with loader org.apache.velocity.runtime.resource.loader.FileResourceLoader
Fri Apr 20 14:58:17 IST 2018   [info] ResourceManager : found src/dao/DAO.vm with loader org.apache.velocity.runtime.resource.loader.FileResourceLoader
Fri Apr 20 14:58:17 IST 2018   [info] ResourceManager : found src/dao/DAOImpl.vm with loader org.apache.velocity.runtime.resource.loader.FileResourceLoader
Fri Apr 20 14:58:17 IST 2018   [info] ResourceManager : found src/model/Model.vm with loader org.apache.velocity.runtime.resource.loader.FileResourceLoader
Fri Apr 20 14:58:17 IST 2018   [info] ResourceManager : found src/model/Hibernate.vm with loader org.apache.velocity.runtime.resource.loader.FileResourceLoader
Fri Apr 20 14:58:17 IST 2018   [info] ResourceManager : found src/service/Service.vm with loader org.apache.velocity.runtime.resource.loader.FileResourceLoader
Fri Apr 20 14:58:17 IST 2018   [info] ResourceManager : found src/service/ServiceImpl.vm with loader org.apache.velocity.runtime.resource.loader.FileResourceLoader
Fri Apr 20 14:58:17 IST 2018   [info] ResourceManager : found src/struts/action/Action.vm with loader org.apache.velocity.runtime.resource.loader.FileResourceLoader
Fri Apr 20 14:58:17 IST 2018   [info] ResourceManager : found src/struts/form/Form.vm with loader org.apache.velocity.runtime.resource.loader.FileResourceLoader
Fri Apr 20 14:58:17 IST 2018   [info] ResourceManager : found src/struts/message/Message.vm with loader org.apache.velocity.runtime.resource.loader.FileResourceLoader
Fri Apr 20 14:58:17 IST 2018   [info] ResourceManager : found src/struts/message/Message_hi.vm with loader org.apache.velocity.runtime.resource.loader.FileResourceLoader
Fri Apr 20 14:58:17 IST 2018   [warn] org.apache.velocity.runtime.exception.ReferenceException: reference : template = src/struts/message/Message_hi.vm [line 6,column 32] : $strings.capitalizeFirstLetter(${bean.className}).PageTitle is not a valid reference.
Fri Apr 20 14:58:17 IST 2018   [warn] org.apache.velocity.runtime.exception.ReferenceException: reference : template = src/struts/message/Message_hi.vm [line 7,column 32] : $strings.capitalizeFirstLetter(${bean.className}).addButton is not a valid reference.
Fri Apr 20 14:58:17 IST 2018   [warn] org.apache.velocity.runtime.exception.ReferenceException: reference : template = src/struts/message/Message_hi.vm [line 8,column 32] : $strings.capitalizeFirstLetter(${bean.className}).CancelButton is not a valid reference.
Fri Apr 20 14:58:17 IST 2018   [warn] org.apache.velocity.runtime.exception.ReferenceException: reference : template = src/struts/message/Message_hi.vm [line 9,column 31] : $strings.capitalizeFirstLetter(${bean.className}).PageTitle is not a valid reference.
Fri Apr 20 14:58:17 IST 2018   [warn] org.apache.velocity.runtime.exception.ReferenceException: reference : template = src/struts/message/Message_hi.vm [line 10,column 31] : $strings.capitalizeFirstLetter(${bean.className}).addButton is not a valid reference.
Fri Apr 20 14:58:17 IST 2018   [warn] org.apache.velocity.runtime.exception.ReferenceException: reference : template = src/struts/message/Message_hi.vm [line 11,column 31] : $strings.capitalizeFirstLetter(${bean.className}).CancelButton is not a valid reference.
Fri Apr 20 14:58:17 IST 2018   [warn] org.apache.velocity.runtime.exception.ReferenceException: reference : template = src/struts/message/Message_hi.vm [line 20,column 31] : $strings.capitalizeFirstLetter(${bean.className}).PageTitle is not a valid reference.
Fri Apr 20 14:58:17 IST 2018   [warn] org.apache.velocity.runtime.exception.ReferenceException: reference : template = src/struts/message/Message_hi.vm [line 21,column 31] : $strings.capitalizeFirstLetter(${bean.className}).addButton is not a valid reference.
Fri Apr 20 14:58:17 IST 2018   [warn] org.apache.velocity.runtime.exception.ReferenceException: reference : template = src/struts/message/Message_hi.vm [line 22,column 31] : $strings.capitalizeFirstLetter(${bean.className}).CancelButton is not a valid reference.
Fri Apr 20 14:58:17 IST 2018   [warn] org.apache.velocity.runtime.exception.ReferenceException: reference : template = src/struts/message/Message_hi.vm [line 23,column 29] : $strings.capitalizeFirstLetter(${bean.className}).PageTitle is not a valid reference.
Fri Apr 20 14:58:17 IST 2018   [warn] org.apache.velocity.runtime.exception.ReferenceException: reference : template = src/struts/message/Message_hi.vm [line 24,column 29] : $strings.capitalizeFirstLetter(${bean.className}).CancelButton is not a valid reference.
Fri Apr 20 14:58:17 IST 2018   [warn] org.apache.velocity.runtime.exception.ReferenceException: reference : template = src/struts/message/Message_hi.vm [line 25,column 29] : $strings.capitalizeFirstLetter(${bean.className}).UpdateButton is not a valid reference.
Fri Apr 20 14:58:17 IST 2018   [info] ResourceManager : found src/struts/message/Message_en_US.vm with loader org.apache.velocity.runtime.resource.loader.FileResourceLoader
Fri Apr 20 14:58:17 IST 2018   [warn] org.apache.velocity.runtime.exception.ReferenceException: reference : template = src/struts/message/Message_en_US.vm [line 6,column 32] : $strings.capitalizeFirstLetter(${bean.className}).PageTitle is not a valid reference.
Fri Apr 20 14:58:17 IST 2018   [warn] org.apache.velocity.runtime.exception.ReferenceException: reference : template = src/struts/message/Message_en_US.vm [line 7,column 32] : $strings.capitalizeFirstLetter(${bean.className}).addButton is not a valid reference.
Fri Apr 20 14:58:17 IST 2018   [warn] org.apache.velocity.runtime.exception.ReferenceException: reference : template = src/struts/message/Message_en_US.vm [line 8,column 32] : $strings.capitalizeFirstLetter(${bean.className}).CancelButton is not a valid reference.
Fri Apr 20 14:58:17 IST 2018   [warn] org.apache.velocity.runtime.exception.ReferenceException: reference : template = src/struts/message/Message_en_US.vm [line 9,column 31] : $strings.capitalizeFirstLetter(${bean.className}).PageTitle is not a valid reference.
Fri Apr 20 14:58:17 IST 2018   [warn] org.apache.velocity.runtime.exception.ReferenceException: reference : template = src/struts/message/Message_en_US.vm [line 10,column 31] : $strings.capitalizeFirstLetter(${bean.className}).addButton is not a valid reference.
Fri Apr 20 14:58:17 IST 2018   [warn] org.apache.velocity.runtime.exception.ReferenceException: reference : template = src/struts/message/Message_en_US.vm [line 11,column 31] : $strings.capitalizeFirstLetter(${bean.className}).CancelButton is not a valid reference.
Fri Apr 20 14:58:17 IST 2018   [warn] org.apache.velocity.runtime.exception.ReferenceException: reference : template = src/struts/message/Message_en_US.vm [line 20,column 31] : $strings.capitalizeFirstLetter(${bean.className}).PageTitle is not a valid reference.
Fri Apr 20 14:58:17 IST 2018   [warn] org.apache.velocity.runtime.exception.ReferenceException: reference : template = src/struts/message/Message_en_US.vm [line 21,column 31] : $strings.capitalizeFirstLetter(${bean.className}).addButton is not a valid reference.
Fri Apr 20 14:58:17 IST 2018   [warn] org.apache.velocity.runtime.exception.ReferenceException: reference : template = src/struts/message/Message_en_US.vm [line 22,column 31] : $strings.capitalizeFirstLetter(${bean.className}).CancelButton is not a valid reference.
Fri Apr 20 14:58:17 IST 2018   [warn] org.apache.velocity.runtime.exception.ReferenceException: reference : template = src/struts/message/Message_en_US.vm [line 23,column 29] : $strings.capitalizeFirstLetter(${bean.className}).PageTitle is not a valid reference.
Fri Apr 20 14:58:17 IST 2018   [warn] org.apache.velocity.runtime.exception.ReferenceException: reference : template = src/struts/message/Message_en_US.vm [line 24,column 29] : $strings.capitalizeFirstLetter(${bean.className}).CancelButton is not a valid reference.
Fri Apr 20 14:58:17 IST 2018   [warn] org.apache.velocity.runtime.exception.ReferenceException: reference : template = src/struts/message/Message_en_US.vm [line 25,column 29] : $strings.capitalizeFirstLetter(${bean.className}).UpdateButton is not a valid reference.
Fri Apr 20 14:58:17 IST 2018   [info] ResourceManager : found web/pages/list.vm with loader org.apache.velocity.runtime.resource.loader.FileResourceLoader
Fri Apr 20 14:58:17 IST 2018   [info] ResourceManager : found web/pages/view.vm with loader org.apache.velocity.runtime.resource.loader.FileResourceLoader
Fri Apr 20 14:58:17 IST 2018   [info] ResourceManager : found web/pages/addUpdate.vm with loader org.apache.velocity.runtime.resource.loader.FileResourceLoader
Fri Apr 20 14:58:17 IST 2018   [info] ResourceManager : found web/pages/dashboard.vm with loader org.apache.velocity.runtime.resource.loader.FileResourceLoader
Fri Apr 20 14:58:17 IST 2018   [info] ResourceManager : found web/pages/menu.vm with loader org.apache.velocity.runtime.resource.loader.FileResourceLoader
Fri Apr 20 14:58:17 IST 2018   [info] ResourceManager : found web/WEB-INF/struts-config.vm with loader org.apache.velocity.runtime.resource.loader.FileResourceLoader
Fri Apr 20 14:58:17 IST 2018   [info] ResourceManager : found web/WEB-INF/action-servlet.vm with loader org.apache.velocity.runtime.resource.loader.FileResourceLoader
Fri Apr 20 14:58:17 IST 2018   [info] ResourceManager : found web/WEB-INF/application-context.vm with loader org.apache.velocity.runtime.resource.loader.FileResourceLoader
